Running: C:\Xilinx\14.7\ISE_DS\ISE\bin\nt\unwrapped\fuse.exe -intstyle ise -incremental -o C:/Users/Utkarsh/Documents/ISE/dif_ifft_8_point/tb_isim_beh.exe -prj C:/Users/Utkarsh/Documents/ISE/dif_ifft_8_point/tb_beh.prj work.tb 
ISim P.20131013 (signature 0x8ef4fb42)
Number of CPUs detected in this system: 8
Turning on mult-threading, number of parallel sub-compilation jobs: 16 
Determining compilation order of HDL files
Parsing VHDL file "C:/Users/Utkarsh/Documents/ISE/dif_ifft_8_point/dif_ifft_pkg.vhd" into library work
Parsing VHDL file "C:/Users/Utkarsh/Documents/ISE/dif_ifft_8_point/butterfly.vhd" into library work
Parsing VHDL file "C:/Users/Utkarsh/Documents/ISE/dif_ifft_8_point/dif_ifft_8pt.vhd" into library work
Parsing VHDL file "C:/Users/Utkarsh/Documents/ISE/dif_ifft_8_point/tb_dif_ifft.vhd" into library work
Starting static elaboration
Completed static elaboration
Fuse Memory Usage: 161352 KB
Fuse CPU Usage: 249 ms
Compiling package standard
Compiling package std_logic_1164
Compiling package math_real
Compiling package dif_ifft_pkg
Compiling architecture behavioral of entity butterfly [butterfly_default]
Compiling architecture behavioral of entity dif_ifft_8pt [dif_ifft_8pt_default]
Compiling architecture behavior of entity tb
Time Resolution for simulation is 1ps.
Waiting for 1 sub-compilation(s) to finish...
Compiled 9 VHDL Units
Built simulation executable C:/Users/Utkarsh/Documents/ISE/dif_ifft_8_point/tb_isim_beh.exe
Fuse Memory Usage: 176556 KB
Fuse CPU Usage: 374 ms
