Command line:
   tb_isim_beh.exe
     -simmode  gui
     -simrunnum  0
     -socket  52178

Sat Mar 30 17:33:55 2019


 Elaboration Time: 0.015625 sec

 Current Memory Usage: 819.728 Meg

 Total Signals          : 79
 Total Nets             : 104
 Total Signal Drivers   : 33
 Total Blocks           : 17
 Total Primitive Blocks : 15
 Total Processes        : 33
 Total Traceable Variables  : 37
 Total Scalar Nets and Variables : 594
Total Line Count : 41

 Total Simulation Time: 0.015625 sec

 Current Memory Usage: 662.18 Meg

Sat Mar 30 17:43:57 2019

